x64\debug\getrendered.cu.obj
x64\debug\juliafractal.cu.obj
x64\debug\kernel.cu.obj
x64\debug\shader.cu.obj
x64\debug\sum.cu.obj
c:\users\иван\source\repos\shaders\x64\debug\shaders.exe
c:\users\иван\source\repos\shaders\x64\debug\shaders.ilk
c:\users\иван\source\repos\shaders\x64\debug\shaders.pdb
c:\users\иван\source\repos\shaders\x64\debug\shaders.lib
c:\users\иван\source\repos\shaders\x64\debug\shaders.exp
c:\users\иван\source\repos\shaders\x64\debug\getrendered.cu.cache
c:\users\иван\source\repos\shaders\x64\debug\juliafractal.cu.cache
c:\users\иван\source\repos\shaders\x64\debug\kernel.cu.cache
c:\users\иван\source\repos\shaders\x64\debug\shader.cu.cache
c:\users\иван\source\repos\shaders\x64\debug\sum.cu.cache
c:\users\иван\source\repos\shaders\x64\debug\getrendered.cu.obj
c:\users\иван\source\repos\shaders\x64\debug\juliafractal.cu.obj
c:\users\иван\source\repos\shaders\x64\debug\kernel.cu.obj
c:\users\иван\source\repos\shaders\x64\debug\shader.cu.obj
c:\users\иван\source\repos\shaders\x64\debug\sum.cu.obj
c:\users\иван\source\repos\shaders\x64\debug\getrendered.cpp1.ii.res
c:\users\иван\source\repos\shaders\x64\debug\getrendered.cpp4.ii.res
c:\users\иван\source\repos\shaders\x64\debug\getrendered.cu.obj.res
c:\users\иван\source\repos\shaders\x64\debug\juliafractal.cpp1.ii.res
c:\users\иван\source\repos\shaders\x64\debug\juliafractal.cpp4.ii.res
c:\users\иван\source\repos\shaders\x64\debug\juliafractal.cu.obj.res
c:\users\иван\source\repos\shaders\x64\debug\kernel.cpp1.ii.res
c:\users\иван\source\repos\shaders\x64\debug\kernel.cpp4.ii.res
c:\users\иван\source\repos\shaders\x64\debug\kernel.cu.obj.res
c:\users\иван\source\repos\shaders\x64\debug\shader.cpp1.ii.res
c:\users\иван\source\repos\shaders\x64\debug\shader.cpp4.ii.res
c:\users\иван\source\repos\shaders\x64\debug\shader.cu.obj.res
c:\users\иван\source\repos\shaders\x64\debug\sum.cpp1.ii.res
c:\users\иван\source\repos\shaders\x64\debug\sum.cpp4.ii.res
c:\users\иван\source\repos\shaders\x64\debug\sum.cu.obj.res
c:\users\иван\source\repos\shaders\x64\debug\vc142.pdb
c:\users\иван\source\repos\shaders\x64\debug\shaders.tlog\cudacompile.read.1u.tlog
c:\users\иван\source\repos\shaders\x64\debug\shaders.tlog\cudacompile.write.1u.tlog
c:\users\иван\source\repos\shaders\x64\debug\shaders.tlog\link.command.1.tlog
c:\users\иван\source\repos\shaders\x64\debug\shaders.tlog\link.read.1.tlog
c:\users\иван\source\repos\shaders\x64\debug\shaders.tlog\link.write.1.tlog
c:\users\иван\source\repos\shaders\x64\debug\shaders.tlog\shaders.write.1u.tlog
